<?xml version="1.0" encoding="UTF-8"?>
<Site BuildName="(empty)"
	BuildStamp="20250125-0809-Experimental"
	Name="kwan"
	Generator="ctest-3.16.3"
	CompilerName="/usr/bin/g++"
	CompilerVersion="11.4.0"
	OSName="Linux"
	Hostname="kwan"
	OSRelease="5.15.0-130-generic"
	OSVersion="#140~20.04.1-Ubuntu SMP Wed Dec 18 21:35:34 UTC 2024"
	OSPlatform="x86_64"
	Is64Bits="1"
	VendorString="GenuineIntel"
	VendorID="Intel Corporation"
	FamilyID="6"
	ModelID="183"
	ProcessorCacheSize="36864"
	NumberOfLogicalCPU="32"
	NumberOfPhysicalCPU="24"
	TotalVirtualMemory="15624"
	TotalPhysicalMemory="31862"
	LogicalProcessorsPerPhysical="1"
	ProcessorClockFrequency="2596.79"
	>
	<Testing>
		<StartDateTime>Jan 25 17:09 KST</StartDateTime>
		<StartTestTime>1737792596</StartTestTime>
		<TestList/>
		<EndDateTime>Jan 25 17:09 KST</EndDateTime>
		<EndTestTime>1737792596</EndTestTime>
		<ElapsedMinutes>0</ElapsedMinutes>
	</Testing>
</Site>
