<?xml version="1.0" encoding="UTF-8"?>
<Site BuildName="(empty)"
	BuildStamp="20241226-0813-Experimental"
	Name="kwan"
	Generator="ctest-3.16.3"
	CompilerName="/usr/bin/g++"
	CompilerVersion="9.4.0"
	OSName="Linux"
	Hostname="kwan"
	OSRelease="5.15.0-126-generic"
	OSVersion="#136~20.04.1-Ubuntu SMP Thu Nov 14 16:38:05 UTC 2024"
	OSPlatform="x86_64"
	Is64Bits="1"
	VendorString="GenuineIntel"
	VendorID="Intel Corporation"
	FamilyID="6"
	ModelID="183"
	ProcessorCacheSize="36864"
	NumberOfLogicalCPU="32"
	NumberOfPhysicalCPU="24"
	TotalVirtualMemory="15624"
	TotalPhysicalMemory="31862"
	LogicalProcessorsPerPhysical="1"
	ProcessorClockFrequency="5500"
	>
	<Testing>
		<StartDateTime>Dec 26 17:13 KST</StartDateTime>
		<StartTestTime>1735200805</StartTestTime>
		<TestList/>
		<EndDateTime>Dec 26 17:13 KST</EndDateTime>
		<EndTestTime>1735200805</EndTestTime>
		<ElapsedMinutes>0</ElapsedMinutes>
	</Testing>
</Site>
